# JRE version: Java(TM) SE Runtime Environment (8.0_212-b10) (build 1.8.0_212-b10)
# Java VM: Java HotSpot(TM) 64-Bit Server VM (25.212-b10 mixed mode linux-aarch64 compressed oops)
Heap:
 PSYoungGen      total 124416K, used 98805K [0x00000000e2a00000, 0x00000000ee180000, 0x0000000100000000)
  eden space 106496K, 75% used [0x00000000e2a00000,0x00000000e7902e48,0x00000000e9200000)
  from space 17920K, 99% used [0x00000000e9200000,0x00000000ea37a778,0x00000000ea380000)
  to   space 23552K, 0% used [0x00000000eca80000,0x00000000eca80000,0x00000000ee180000)
 ParOldGen       total 80896K, used 31160K [0x00000000a7e00000, 0x00000000acd00000, 0x00000000e2a00000)
  object space 80896K, 38% used [0x00000000a7e00000,0x00000000a9c6e278,0x00000000acd00000)
 Metaspace       used 53139K, capacity 54468K, committed 54616K, reserved 1095680K
  class space    used 7112K, capacity 7464K, committed 7512K, reserved 1048576K
GC Heap History (10 events):
Event: 7.016 GC heap before
{Heap before GC invocations=7 (full 1):
 PSYoungGen      total 50688K, used 50664K [0x00000000e2a00000, 0x00000000e8880000, 0x0000000100000000)
  eden space 47104K, 100% used [0x00000000e2a00000,0x00000000e5800000,0x00000000e5800000)
  from space 3584K, 99% used [0x00000000e5800000,0x00000000e5b7a0b0,0x00000000e5b80000)
  to   space 14336K, 0% used [0x00000000e7a80000,0x00000000e7a80000,0x00000000e8880000)
 ParOldGen       total 62464K, used 21933K [0x00000000a7e00000, 0x00000000abb00000, 0x00000000e2a00000)
  object space 62464K, 35% used [0x00000000a7e00000,0x00000000a936b5e0,0x00000000abb00000)
 Metaspace       used 34328K, capacity 34950K, committed 35328K, reserved 1079296K
  class space    used 4652K, capacity 4841K, committed 4864K, reserved 1048576K
Event: 7.064 GC heap after
Heap after GC invocations=7 (full 1):
 PSYoungGen      total 78848K, used 14320K [0x00000000e2a00000, 0x00000000e9180000, 0x0000000100000000)
  eden space 64512K, 0% used [0x00000000e2a00000,0x00000000e2a00000,0x00000000e6900000)
  from space 14336K, 99% used [0x00000000e7a80000,0x00000000e887c198,0x00000000e8880000)
  to   space 17920K, 0% used [0x00000000e6900000,0x00000000e6900000,0x00000000e7a80000)
 ParOldGen       total 62464K, used 24274K [0x00000000a7e00000, 0x00000000abb00000, 0x00000000e2a00000)
  object space 62464K, 38% used [0x00000000a7e00000,0x00000000a95b4978,0x00000000abb00000)
 Metaspace       used 34328K, capacity 34950K, committed 35328K, reserved 1079296K
  class space    used 4652K, capacity 4841K, committed 4864K, reserved 1048576K
}
Event: 7.126 GC heap before
{Heap before GC invocations=8 (full 1):
 PSYoungGen      total 78848K, used 16921K [0x00000000e2a00000, 0x00000000e9180000, 0x0000000100000000)
  eden space 64512K, 4% used [0x00000000e2a00000,0x00000000e2c8a3c8,0x00000000e6900000)
  from space 14336K, 99% used [0x00000000e7a80000,0x00000000e887c198,0x00000000e8880000)
  to   space 17920K, 0% used [0x00000000e6900000,0x00000000e6900000,0x00000000e7a80000)
 ParOldGen       total 62464K, used 24274K [0x00000000a7e00000, 0x00000000abb00000, 0x00000000e2a00000)
  object space 62464K, 38% used [0x00000000a7e00000,0x00000000a95b4978,0x00000000abb00000)
 Metaspace       used 34570K, capacity 35174K, committed 35416K, reserved 1079296K
  class space    used 4677K, capacity 4873K, committed 4952K, reserved 1048576K
Event: 7.139 GC heap after
Heap after GC invocations=8 (full 1):
 PSYoungGen      total 82432K, used 8586K [0x00000000e2a00000, 0x00000000eb880000, 0x0000000100000000)
  eden space 64512K, 0% used [0x00000000e2a00000,0x00000000e2a00000,0x00000000e6900000)
  from space 17920K, 47% used [0x00000000e6900000,0x00000000e7162a38,0x00000000e7a80000)
  to   space 17408K, 0% used [0x00000000ea780000,0x00000000ea780000,0x00000000eb880000)
 ParOldGen       total 62464K, used 24274K [0x00000000a7e00000, 0x00000000abb00000, 0x00000000e2a00000)
  object space 62464K, 38% used [0x00000000a7e00000,0x00000000a95b4978,0x00000000abb00000)
 Metaspace       used 34570K, capacity 35174K, committed 35416K, reserved 1079296K
  class space    used 4677K, capacity 4873K, committed 4952K, reserved 1048576K
}
Event: 7.139 GC heap before
{Heap before GC invocations=9 (full 2):
 PSYoungGen      total 82432K, used 8586K [0x00000000e2a00000, 0x00000000eb880000, 0x0000000100000000)
  eden space 64512K, 0% used [0x00000000e2a00000,0x00000000e2a00000,0x00000000e6900000)
  from space 17920K, 47% used [0x00000000e6900000,0x00000000e7162a38,0x00000000e7a80000)
  to   space 17408K, 0% used [0x00000000ea780000,0x00000000ea780000,0x00000000eb880000)
 ParOldGen       total 62464K, used 24274K [0x00000000a7e00000, 0x00000000abb00000, 0x00000000e2a00000)
  object space 62464K, 38% used [0x00000000a7e00000,0x00000000a95b4978,0x00000000abb00000)
 Metaspace       used 34570K, capacity 35174K, committed 35416K, reserved 1079296K
  class space    used 4677K, capacity 4873K, committed 4952K, reserved 1048576K
Event: 7.260 GC heap after
Heap after GC invocations=9 (full 2):
 PSYoungGen      total 82432K, used 0K [0x00000000e2a00000, 0x00000000eb880000, 0x0000000100000000)
  eden space 64512K, 0% used [0x00000000e2a00000,0x00000000e2a00000,0x00000000e6900000)
  from space 17920K, 0% used [0x00000000e6900000,0x00000000e6900000,0x00000000e7a80000)
  to   space 17408K, 0% used [0x00000000ea780000,0x00000000ea780000,0x00000000eb880000)
 ParOldGen       total 80896K, used 23030K [0x00000000a7e00000, 0x00000000acd00000, 0x00000000e2a00000)
  object space 80896K, 28% used [0x00000000a7e00000,0x00000000a947d918,0x00000000acd00000)
 Metaspace       used 34570K, capacity 35174K, committed 35416K, reserved 1079296K
  class space    used 4677K, capacity 4873K, committed 4952K, reserved 1048576K
}
Event: 9.474 GC heap before
{Heap before GC invocations=10 (full 2):
 PSYoungGen      total 82432K, used 64512K [0x00000000e2a00000, 0x00000000eb880000, 0x0000000100000000)
  eden space 64512K, 100% used [0x00000000e2a00000,0x00000000e6900000,0x00000000e6900000)
  from space 17920K, 0% used [0x00000000e6900000,0x00000000e6900000,0x00000000e7a80000)
  to   space 17408K, 0% used [0x00000000ea780000,0x00000000ea780000,0x00000000eb880000)
 ParOldGen       total 80896K, used 23030K [0x00000000a7e00000, 0x00000000acd00000, 0x00000000e2a00000)
  object space 80896K, 28% used [0x00000000a7e00000,0x00000000a947d918,0x00000000acd00000)
 Metaspace       used 41452K, capacity 42260K, committed 42456K, reserved 1085440K
  class space    used 5556K, capacity 5804K, committed 5848K, reserved 1048576K
Event: 9.493 GC heap after
Heap after GC invocations=10 (full 2):
 PSYoungGen      total 118784K, used 13361K [0x00000000e2a00000, 0x00000000eb500000, 0x0000000100000000)
  eden space 104960K, 0% used [0x00000000e2a00000,0x00000000e2a00000,0x00000000e9080000)
  from space 13824K, 96% used [0x00000000ea780000,0x00000000eb48c5e0,0x00000000eb500000)
  to   space 17920K, 0% used [0x00000000e9200000,0x00000000e9200000,0x00000000ea380000)
 ParOldGen       total 80896K, used 23038K [0x00000000a7e00000, 0x00000000acd00000, 0x00000000e2a00000)
  object space 80896K, 28% used [0x00000000a7e00000,0x00000000a947f918,0x00000000acd00000)
 Metaspace       used 41452K, capacity 42260K, committed 42456K, reserved 1085440K
  class space    used 5556K, capacity 5804K, committed 5848K, reserved 1048576K
}
Event: 15.091 GC heap before
{Heap before GC invocations=11 (full 2):
 PSYoungGen      total 118784K, used 118321K [0x00000000e2a00000, 0x00000000eb500000, 0x0000000100000000)
  eden space 104960K, 100% used [0x00000000e2a00000,0x00000000e9080000,0x00000000e9080000)
  from space 13824K, 96% used [0x00000000ea780000,0x00000000eb48c5e0,0x00000000eb500000)
  to   space 17920K, 0% used [0x00000000e9200000,0x00000000e9200000,0x00000000ea380000)
 ParOldGen       total 80896K, used 23038K [0x00000000a7e00000, 0x00000000acd00000, 0x00000000e2a00000)
  object space 80896K, 28% used [0x00000000a7e00000,0x00000000a947f918,0x00000000acd00000)
 Metaspace       used 47191K, capacity 48120K, committed 48600K, reserved 1091584K
  class space    used 6219K, capacity 6526K, committed 6616K, reserved 1048576K
Event: 15.146 GC heap after
Heap after GC invocations=11 (full 2):
 PSYoungGen      total 124416K, used 17897K [0x00000000e2a00000, 0x00000000ee180000, 0x0000000100000000)
  eden space 106496K, 0% used [0x00000000e2a00000,0x00000000e2a00000,0x00000000e9200000)
  from space 17920K, 99% used [0x00000000e9200000,0x00000000ea37a778,0x00000000ea380000)
  to   space 23552K, 0% used [0x00000000eca80000,0x00000000eca80000,0x00000000ee180000)
 ParOldGen       total 80896K, used 31160K [0x00000000a7e00000, 0x00000000acd00000, 0x00000000e2a00000)
  object space 80896K, 38% used [0x00000000a7e00000,0x00000000a9c6e278,0x00000000acd00000)
 Metaspace       used 47191K, capacity 48120K, committed 48600K, reserved 1091584K
  class space    used 6219K, capacity 6526K, committed 6616K, reserved 1048576K
}

