# JRE version: Java(TM) SE Runtime Environment (8.0_212-b10) (build 1.8.0_212-b10)
# Java VM: Java HotSpot(TM) 64-Bit Server VM (25.212-b10 mixed mode linux-aarch64 compressed oops)
Heap:
 PSYoungGen      total 117760K, used 82573K [0x00000000e2a00000, 0x00000000edd80000, 0x0000000100000000)
  eden space 95232K, 63% used [0x00000000e2a00000,0x00000000e64a3f38,0x00000000e8700000)
  from space 22528K, 99% used [0x00000000e8700000,0x00000000e9cff620,0x00000000e9d00000)
  to   space 28672K, 0% used [0x00000000ec180000,0x00000000ec180000,0x00000000edd80000)
 ParOldGen       total 107520K, used 36232K [0x00000000a7e00000, 0x00000000ae700000, 0x00000000e2a00000)
  object space 107520K, 33% used [0x00000000a7e00000,0x00000000aa162270,0x00000000ae700000)
 Metaspace       used 52962K, capacity 54288K, committed 54616K, reserved 1095680K
  class space    used 7095K, capacity 7426K, committed 7512K, reserved 1048576K
GC Heap History (10 events):
Event: 4.590 GC heap before
{Heap before GC invocations=5 (full 1):
 PSYoungGen      total 50688K, used 47104K [0x00000000e2a00000, 0x00000000e8d00000, 0x0000000100000000)
  eden space 47104K, 100% used [0x00000000e2a00000,0x00000000e5800000,0x00000000e5800000)
  from space 3584K, 0% used [0x00000000e5800000,0x00000000e5800000,0x00000000e5b80000)
  to   space 3584K, 0% used [0x00000000e8980000,0x00000000e8980000,0x00000000e8d00000)
 ParOldGen       total 72704K, used 19272K [0x00000000a7e00000, 0x00000000ac500000, 0x00000000e2a00000)
  object space 72704K, 26% used [0x00000000a7e00000,0x00000000a90d2370,0x00000000ac500000)
 Metaspace       used 27349K, capacity 27982K, committed 28288K, reserved 1073152K
  class space    used 3938K, capacity 4127K, committed 4224K, reserved 1048576K
Event: 4.619 GC heap after
Heap after GC invocations=5 (full 1):
 PSYoungGen      total 71168K, used 3558K [0x00000000e2a00000, 0x00000000e8d00000, 0x0000000100000000)
  eden space 67584K, 0% used [0x00000000e2a00000,0x00000000e2a00000,0x00000000e6c00000)
  from space 3584K, 99% used [0x00000000e8980000,0x00000000e8cf98d8,0x00000000e8d00000)
  to   space 3584K, 0% used [0x00000000e8600000,0x00000000e8600000,0x00000000e8980000)
 ParOldGen       total 72704K, used 26042K [0x00000000a7e00000, 0x00000000ac500000, 0x00000000e2a00000)
  object space 72704K, 35% used [0x00000000a7e00000,0x00000000a976e888,0x00000000ac500000)
 Metaspace       used 27349K, capacity 27982K, committed 28288K, reserved 1073152K
  class space    used 3938K, capacity 4127K, committed 4224K, reserved 1048576K
}
Event: 5.743 GC heap before
{Heap before GC invocations=6 (full 1):
 PSYoungGen      total 71168K, used 51813K [0x00000000e2a00000, 0x00000000e8d00000, 0x0000000100000000)
  eden space 67584K, 71% used [0x00000000e2a00000,0x00000000e591fbb8,0x00000000e6c00000)
  from space 3584K, 99% used [0x00000000e8980000,0x00000000e8cf98d8,0x00000000e8d00000)
  to   space 3584K, 0% used [0x00000000e8600000,0x00000000e8600000,0x00000000e8980000)
 ParOldGen       total 72704K, used 26042K [0x00000000a7e00000, 0x00000000ac500000, 0x00000000e2a00000)
  object space 72704K, 35% used [0x00000000a7e00000,0x00000000a976e888,0x00000000ac500000)
 Metaspace       used 34570K, capacity 35174K, committed 35416K, reserved 1079296K
  class space    used 4677K, capacity 4873K, committed 4952K, reserved 1048576K
Event: 5.764 GC heap after
Heap after GC invocations=6 (full 1):
 PSYoungGen      total 97792K, used 3580K [0x00000000e2a00000, 0x00000000eb180000, 0x0000000100000000)
  eden space 94208K, 0% used [0x00000000e2a00000,0x00000000e2a00000,0x00000000e8600000)
  from space 3584K, 99% used [0x00000000e8600000,0x00000000e897f0d0,0x00000000e8980000)
  to   space 20992K, 0% used [0x00000000e9d00000,0x00000000e9d00000,0x00000000eb180000)
 ParOldGen       total 72704K, used 39148K [0x00000000a7e00000, 0x00000000ac500000, 0x00000000e2a00000)
  object space 72704K, 53% used [0x00000000a7e00000,0x00000000aa43b1e8,0x00000000ac500000)
 Metaspace       used 34570K, capacity 35174K, committed 35416K, reserved 1079296K
  class space    used 4677K, capacity 4873K, committed 4952K, reserved 1048576K
}
Event: 5.764 GC heap before
{Heap before GC invocations=7 (full 2):
 PSYoungGen      total 97792K, used 3580K [0x00000000e2a00000, 0x00000000eb180000, 0x0000000100000000)
  eden space 94208K, 0% used [0x00000000e2a00000,0x00000000e2a00000,0x00000000e8600000)
  from space 3584K, 99% used [0x00000000e8600000,0x00000000e897f0d0,0x00000000e8980000)
  to   space 20992K, 0% used [0x00000000e9d00000,0x00000000e9d00000,0x00000000eb180000)
 ParOldGen       total 72704K, used 39148K [0x00000000a7e00000, 0x00000000ac500000, 0x00000000e2a00000)
  object space 72704K, 53% used [0x00000000a7e00000,0x00000000aa43b1e8,0x00000000ac500000)
 Metaspace       used 34570K, capacity 35174K, committed 35416K, reserved 1079296K
  class space    used 4677K, capacity 4873K, committed 4952K, reserved 1048576K
Event: 5.861 GC heap after
Heap after GC invocations=7 (full 2):
 PSYoungGen      total 97792K, used 0K [0x00000000e2a00000, 0x00000000eb180000, 0x0000000100000000)
  eden space 94208K, 0% used [0x00000000e2a00000,0x00000000e2a00000,0x00000000e8600000)
  from space 3584K, 0% used [0x00000000e8600000,0x00000000e8600000,0x00000000e8980000)
  to   space 20992K, 0% used [0x00000000e9d00000,0x00000000e9d00000,0x00000000eb180000)
 ParOldGen       total 107520K, used 30908K [0x00000000a7e00000, 0x00000000ae700000, 0x00000000e2a00000)
  object space 107520K, 28% used [0x00000000a7e00000,0x00000000a9c2f250,0x00000000ae700000)
 Metaspace       used 34570K, capacity 35174K, committed 35416K, reserved 1079296K
  class space    used 4677K, capacity 4873K, committed 4952K, reserved 1048576K
}
Event: 8.943 GC heap before
{Heap before GC invocations=8 (full 2):
 PSYoungGen      total 97792K, used 94208K [0x00000000e2a00000, 0x00000000eb180000, 0x0000000100000000)
  eden space 94208K, 100% used [0x00000000e2a00000,0x00000000e8600000,0x00000000e8600000)
  from space 3584K, 0% used [0x00000000e8600000,0x00000000e8600000,0x00000000e8980000)
  to   space 20992K, 0% used [0x00000000e9d00000,0x00000000e9d00000,0x00000000eb180000)
 ParOldGen       total 107520K, used 30908K [0x00000000a7e00000, 0x00000000ae700000, 0x00000000e2a00000)
  object space 107520K, 28% used [0x00000000a7e00000,0x00000000a9c2f250,0x00000000ae700000)
 Metaspace       used 41619K, capacity 42452K, committed 42712K, reserved 1085440K
  class space    used 5565K, capacity 5804K, committed 5848K, reserved 1048576K
Event: 8.984 GC heap after
Heap after GC invocations=8 (full 2):
 PSYoungGen      total 116224K, used 17419K [0x00000000e2a00000, 0x00000000ed400000, 0x0000000100000000)
  eden space 95232K, 0% used [0x00000000e2a00000,0x00000000e2a00000,0x00000000e8700000)
  from space 20992K, 82% used [0x00000000e9d00000,0x00000000eae02f10,0x00000000eb180000)
  to   space 22528K, 0% used [0x00000000e8700000,0x00000000e8700000,0x00000000e9d00000)
 ParOldGen       total 107520K, used 30928K [0x00000000a7e00000, 0x00000000ae700000, 0x00000000e2a00000)
  object space 107520K, 28% used [0x00000000a7e00000,0x00000000a9c341f0,0x00000000ae700000)
 Metaspace       used 41619K, capacity 42452K, committed 42712K, reserved 1085440K
  class space    used 5565K, capacity 5804K, committed 5848K, reserved 1048576K
}
Event: 13.976 GC heap before
{Heap before GC invocations=9 (full 2):
 PSYoungGen      total 116224K, used 112651K [0x00000000e2a00000, 0x00000000ed400000, 0x0000000100000000)
  eden space 95232K, 100% used [0x00000000e2a00000,0x00000000e8700000,0x00000000e8700000)
  from space 20992K, 82% used [0x00000000e9d00000,0x00000000eae02f10,0x00000000eb180000)
  to   space 22528K, 0% used [0x00000000e8700000,0x00000000e8700000,0x00000000e9d00000)
 ParOldGen       total 107520K, used 30928K [0x00000000a7e00000, 0x00000000ae700000, 0x00000000e2a00000)
  object space 107520K, 28% used [0x00000000a7e00000,0x00000000a9c341f0,0x00000000ae700000)
 Metaspace       used 48891K, capacity 49930K, committed 50136K, reserved 1093632K
  class space    used 6458K, capacity 6765K, committed 6872K, reserved 1048576K
Event: 14.009 GC heap after
Heap after GC invocations=9 (full 2):
 PSYoungGen      total 117760K, used 22525K [0x00000000e2a00000, 0x00000000edd80000, 0x0000000100000000)
  eden space 95232K, 0% used [0x00000000e2a00000,0x00000000e2a00000,0x00000000e8700000)
  from space 22528K, 99% used [0x00000000e8700000,0x00000000e9cff620,0x00000000e9d00000)
  to   space 28672K, 0% used [0x00000000ec180000,0x00000000ec180000,0x00000000edd80000)
 ParOldGen       total 107520K, used 36232K [0x00000000a7e00000, 0x00000000ae700000, 0x00000000e2a00000)
  object space 107520K, 33% used [0x00000000a7e00000,0x00000000aa162270,0x00000000ae700000)
 Metaspace       used 48891K, capacity 49930K, committed 50136K, reserved 1093632K
  class space    used 6458K, capacity 6765K, committed 6872K, reserved 1048576K
}

